<?xml version="1.0" encoding="UTF-8"?>
<!-- Generated by org.testng.reporters.JUnitReportReporter -->
<testsuite hostname="AMOL" failures="0" tests="3" name="com.Learning_TestNG.First_TestNG_Class" time="0.018" errors="0" timestamp="2024-01-20T12:28:55 IST" skipped="0">
  <testcase classname="com.Learning_TestNG.First_TestNG_Class" name="loginTest" time="0.012"/>
  <system-out>
    <![CDATA[Login Test Case------]]>
  </system-out>
  <testcase classname="com.Learning_TestNG.First_TestNG_Class" name="register" time="0.003"/>
  <system-out>
    <![CDATA[Register Test Case------]]>
  </system-out>
  <testcase classname="com.Learning_TestNG.First_TestNG_Class" name="search" time="0.003"/>
  <system-out>
    <![CDATA[Search Test Case------]]>
  </system-out>
</testsuite> <!-- com.Learning_TestNG.First_TestNG_Class -->
