<?xml version="1.0" encoding="UTF-8"?>
<!-- Generated by org.testng.reporters.JUnitReportReporter -->
<testsuite hostname="AMOL" failures="0" tests="1" name="com.testScripts.TC_001_SearchTest" time="6.714" errors="0" timestamp="2024-01-21T12:21:24 IST" skipped="0">
  <testcase classname="com.testScripts.TC_001_SearchTest" name="searchTest" time="6.714"/>
  <system-out/>
</testsuite> <!-- com.testScripts.TC_001_SearchTest -->
