<?xml version="1.0" encoding="UTF-8"?>
<!-- Generated by org.testng.reporters.JUnitReportReporter -->
<testsuite hostname="AMOL" failures="0" tests="1" name="com.Learning_TestNG.Learning_Configuration_Annottation" time="0.016" errors="0" timestamp="2024-01-20T14:19:26 IST" skipped="0">
  <testcase classname="com.Learning_TestNG.Learning_Configuration_Annottation" name="login" time="0.016"/>
  <system-out>
    <![CDATA[login test Case]]>
  </system-out>
</testsuite> <!-- com.Learning_TestNG.Learning_Configuration_Annottation -->
