<?xml version="1.0" encoding="UTF-8"?>
<!-- Generated by org.testng.reporters.JUnitReportReporter -->
<testsuite hostname="AMOL" failures="0" tests="3" name="com.Learning_TestNG.Leaning_Enable_method" time="0.016" errors="0" timestamp="2024-01-20T13:23:18 IST" skipped="1">
  <testcase classname="com.Learning_TestNG.Leaning_Enable_method" name="loginTest" time="0.014"/>
  <system-out>
    <![CDATA[Login Test Case------]]>
  </system-out>
  <testcase classname="com.Learning_TestNG.Leaning_Enable_method" name="searchTest" time="0.002"/>
  <system-out>
    <![CDATA[Search Test Case------]]>
  </system-out>
  <testcase classname="com.Learning_TestNG.Leaning_Enable_method" name="registerTest">
    <skipped/>
  </testcase> <!-- registerTest -->
  <system-out/>
</testsuite> <!-- com.Learning_TestNG.Leaning_Enable_method -->
