<?xml version="1.0" encoding="UTF-8"?>
<!-- Generated by org.testng.reporters.JUnitReportReporter -->
<testsuite hostname="AMOL" failures="0" tests="1" name="com.testScripts.Learning_ExtentReports" time="13.149" errors="0" timestamp="2024-02-03T13:05:59 IST" skipped="0">
  <testcase classname="com.testScripts.Learning_ExtentReports" name="loginTest" time="13.149"/>
  <system-out/>
</testsuite> <!-- com.testScripts.Learning_ExtentReports -->
