<?xml version="1.0" encoding="UTF-8"?>
<!-- Generated by org.testng.reporters.JUnitReportReporter -->
<testsuite hostname="AMOL" failures="0" tests="5" name="com.Learning_TestNG.Learning_Invocation_Count" time="24.357" errors="0" timestamp="2024-01-20T13:32:08 IST" skipped="0">
  <testcase classname="com.Learning_TestNG.Learning_Invocation_Count" name="loginActiTime" time="4.680"/>
  <system-out/>
  <testcase classname="com.Learning_TestNG.Learning_Invocation_Count" name="loginActiTime" time="4.657"/>
  <system-out/>
  <testcase classname="com.Learning_TestNG.Learning_Invocation_Count" name="loginActiTime" time="4.545"/>
  <system-out/>
  <testcase classname="com.Learning_TestNG.Learning_Invocation_Count" name="loginActiTime" time="4.778"/>
  <system-out/>
  <testcase classname="com.Learning_TestNG.Learning_Invocation_Count" name="loginActiTime" time="5.697"/>
  <system-out/>
</testsuite> <!-- com.Learning_TestNG.Learning_Invocation_Count -->
