<?xml version="1.0" encoding="UTF-8"?>
<!-- Generated by org.testng.reporters.JUnitReportReporter -->
<testsuite hostname="AMOL" failures="0" tests="10" name="com.Learning_TestNG.Learning_Parllel_Execution" time="101.625" errors="0" timestamp="2024-01-20T13:34:12 IST" skipped="0">
  <testcase classname="com.Learning_TestNG.Learning_Parllel_Execution" name="loginActiTime" time="10.875"/>
  <system-out/>
  <testcase classname="com.Learning_TestNG.Learning_Parllel_Execution" name="loginActiTime" time="11.191"/>
  <system-out/>
  <testcase classname="com.Learning_TestNG.Learning_Parllel_Execution" name="loginActiTime" time="9.388"/>
  <system-out/>
  <testcase classname="com.Learning_TestNG.Learning_Parllel_Execution" name="loginActiTime" time="9.328"/>
  <system-out/>
  <testcase classname="com.Learning_TestNG.Learning_Parllel_Execution" name="loginActiTime" time="9.136"/>
  <system-out/>
  <testcase classname="com.Learning_TestNG.Learning_Parllel_Execution" name="loginActiTime" time="11.049"/>
  <system-out/>
  <testcase classname="com.Learning_TestNG.Learning_Parllel_Execution" name="loginActiTime" time="10.954"/>
  <system-out/>
  <testcase classname="com.Learning_TestNG.Learning_Parllel_Execution" name="loginActiTime" time="9.414"/>
  <system-out/>
  <testcase classname="com.Learning_TestNG.Learning_Parllel_Execution" name="loginActiTime" time="9.448"/>
  <system-out/>
  <testcase classname="com.Learning_TestNG.Learning_Parllel_Execution" name="loginActiTime" time="10.842"/>
  <system-out/>
</testsuite> <!-- com.Learning_TestNG.Learning_Parllel_Execution -->
