<?xml version="1.0" encoding="UTF-8"?>
<!-- Generated by org.testng.reporters.JUnitReportReporter -->
<testsuite hostname="AMOL" failures="0" tests="1" name="com.testScripts.Learning_POM_Classes" time="14.636" errors="0" timestamp="2024-02-03T11:33:46 IST" skipped="0">
  <testcase classname="com.testScripts.Learning_POM_Classes" name="loginTest" time="14.636"/>
  <system-out/>
</testsuite> <!-- com.testScripts.Learning_POM_Classes -->
