<?xml version="1.0" encoding="UTF-8"?>
<!-- Generated by org.testng.reporters.JUnitReportReporter -->
<testsuite hostname="AMOL" failures="0" tests="2" name="com.testScripts.TC_003_RemoveFromCart_Test" time="14.965" errors="0" timestamp="2024-01-21T12:26:19 IST" skipped="0">
  <testcase classname="com.testScripts.TC_003_RemoveFromCart_Test" name="removeFromCartTest" time="6.333"/>
  <system-out>
    <![CDATA[Element is Present....]]>
  </system-out>
  <testcase classname="com.testScripts.TC_003_RemoveFromCart_Test" name="addToCart" time="8.632"/>
  <system-out>
    <![CDATA[Element is Present....]]>
  </system-out>
</testsuite> <!-- com.testScripts.TC_003_RemoveFromCart_Test -->
