<?xml version="1.0" encoding="UTF-8"?>
<!-- Generated by org.testng.reporters.JUnitReportReporter -->
<testsuite hostname="AMOL" failures="0" tests="1" name="com.testScripts.TC_002_addToCart" time="8.046" errors="0" timestamp="2024-01-21T12:25:44 IST" skipped="0">
  <testcase classname="com.testScripts.TC_002_addToCart" name="addToCart" time="8.046"/>
  <system-out>
    <![CDATA[Element is Present....]]>
  </system-out>
</testsuite> <!-- com.testScripts.TC_002_addToCart -->
