<?xml version="1.0" encoding="UTF-8"?>
<!-- Generated by org.testng.reporters.JUnitReportReporter -->
<testsuite hostname="AMOL" failures="0" tests="3" name="com.Learning_TestNG.Learning_Priority_Attribute" time="0.017" errors="0" timestamp="2024-01-20T13:18:32 IST" skipped="0">
  <testcase classname="com.Learning_TestNG.Learning_Priority_Attribute" name="registerTest" time="0.012"/>
  <system-out>
    <![CDATA[Register Test Case------]]>
  </system-out>
  <testcase classname="com.Learning_TestNG.Learning_Priority_Attribute" name="loginTest" time="0.002"/>
  <system-out>
    <![CDATA[Login Test Case------]]>
  </system-out>
  <testcase classname="com.Learning_TestNG.Learning_Priority_Attribute" name="searchTest" time="0.003"/>
  <system-out>
    <![CDATA[Search Test Case------]]>
  </system-out>
</testsuite> <!-- com.Learning_TestNG.Learning_Priority_Attribute -->
